2024-06-12 12:43:32 INFO  Log:11 - =====================================verifyClickOnAddtoCart TEST START=========================================
2024-06-12 12:43:32 INFO  Log:22 - Verify user is going to click on Search Box
2024-06-12 12:43:33 INFO  Log:22 - Verify user is going to click on Search symbol
2024-06-12 12:43:37 INFO  Log:22 - Verify User is going to click on Add to Cart Button 1
2024-06-12 12:43:39 INFO  Log:22 - Verify User is going to click on Add to Cart Button 2
2024-06-12 12:43:42 INFO  Log:15 - =====================================verifyClickOnAddtoCart TEST END=========================================
2024-06-12 12:43:48 INFO  Log:11 - =====================================verifyCountInMyCart TEST START=========================================
2024-06-12 12:43:48 INFO  Log:22 - Verify user is going to click on Search Box
2024-06-12 12:43:49 INFO  Log:22 - Verify user is going to click on Search symbol
2024-06-12 12:43:53 INFO  Log:22 - Verify User is going to click on Add to Cart Button 1
2024-06-12 12:43:55 INFO  Log:22 - Verify User is going to click on Add to Cart Button 2
2024-06-12 12:43:58 INFO  Log:22 - Verify User is able to count product in My Cart
2024-06-12 12:43:58 INFO  Log:15 - =====================================verifyCountInMyCart TEST END=========================================
2024-06-12 12:44:03 INFO  Log:11 - =====================================verifyShoppingInMyCart TEST START=========================================
2024-06-12 12:44:03 INFO  Log:22 - Verify user is going to click on Search Box
2024-06-12 12:44:03 INFO  Log:22 - Verify user is going to click on Search symbol
2024-06-12 12:44:08 INFO  Log:22 - Verify User is going to click on Add to Cart Button 1
2024-06-12 12:44:10 INFO  Log:22 - Verify User is going to click on Add to Cart Button 2
2024-06-12 12:44:13 INFO  Log:22 - Verify User is going to click on Add to Cart Icon
2024-06-12 12:44:14 INFO  Log:11 - =====================================verify User is able to check Total price and Acual price Match or Not TEST START=========================================
2024-06-12 12:44:14 INFO  Log:15 - =====================================verifyShoppingInMyCart TEST END=========================================
2024-06-12 13:15:20 INFO  Log:11 - =====================================verifyLogo TEST START=========================================
2024-06-12 13:15:20 INFO  Log:22 - User Is able to see Logo of Amazon
2024-06-12 13:15:20 INFO  Log:22 - Verify Logo
2024-06-12 13:15:20 INFO  Log:15 - =====================================verifyLogo TEST END=========================================
2024-06-12 13:15:27 INFO  Log:11 - =====================================verifySearchBox TEST START=========================================
2024-06-12 13:15:27 INFO  Log:22 - Verify Search Box
2024-06-12 13:15:27 INFO  Log:15 - =====================================verifySearchBox TEST END=========================================
2024-06-12 13:15:32 INFO  Log:11 - =====================================verifyClickOnAddtoCart TEST START=========================================
2024-06-12 13:15:32 INFO  Log:22 - Verify user is going to click on Search Box
2024-06-12 13:15:32 INFO  Log:22 - Verify user is going to click on Search symbol
2024-06-12 13:15:38 INFO  Log:22 - Verify User is going to click on Add to Cart Button 1
2024-06-12 13:15:41 INFO  Log:22 - Verify User is going to click on Add to Cart Button 2
2024-06-12 13:15:43 INFO  Log:15 - =====================================verifyClickOnAddtoCart TEST END=========================================
2024-06-12 13:15:49 INFO  Log:11 - =====================================verifyCountInMyCart TEST START=========================================
2024-06-12 13:15:49 INFO  Log:22 - Verify user is going to click on Search Box
2024-06-12 13:15:50 INFO  Log:22 - Verify user is going to click on Search symbol
2024-06-12 13:15:54 INFO  Log:22 - Verify User is going to click on Add to Cart Button 1
2024-06-12 13:15:56 INFO  Log:22 - Verify User is going to click on Add to Cart Button 2
2024-06-12 13:15:59 INFO  Log:22 - Verify User is able to count product in My Cart
2024-06-12 13:15:59 INFO  Log:15 - =====================================verifyCountInMyCart TEST END=========================================
2024-06-12 13:16:06 INFO  Log:11 - =====================================verifyShoppingInMyCart TEST START=========================================
2024-06-12 13:16:06 INFO  Log:22 - Verify user is going to click on Search Box
2024-06-12 13:16:06 INFO  Log:22 - Verify user is going to click on Search symbol
2024-06-12 13:16:10 INFO  Log:22 - Verify User is going to click on Add to Cart Button 1
2024-06-12 13:16:13 INFO  Log:22 - Verify User is going to click on Add to Cart Button 2
2024-06-12 13:16:15 INFO  Log:22 - Verify User is going to click on Add to Cart Icon
2024-06-12 13:16:17 INFO  Log:22 - verify User is able to check Total price and Acual price Match or Not
2024-06-12 13:16:17 INFO  Log:22 - verify User is able to check Total price and Acual price Match is Match
2024-06-12 13:16:17 INFO  Log:15 - =====================================verifyShoppingInMyCart TEST END=========================================
2024-06-12 13:16:25 INFO  Log:11 - =====================================verifyClickOnSearchBox TEST START=========================================
2024-06-12 13:16:25 INFO  Log:15 - =====================================verifyClickOnSearchBox TEST END=========================================
2024-06-12 13:16:32 INFO  Log:11 - =====================================VerifySearchProduct TEST START=========================================
2024-06-12 13:16:32 INFO  Log:22 - Verify user is going to click on Search Box
2024-06-12 13:16:33 INFO  Log:22 - Verify user is going to click on Search symbol
2024-06-12 13:16:37 INFO  Log:15 - =====================================VerifySearchProduct TEST END=========================================
2024-06-12 13:16:45 INFO  Log:11 - =====================================VerifySearchResult TEST START=========================================
2024-06-12 13:16:45 INFO  Log:22 - Verify user is going to click on Search Box
2024-06-12 13:16:45 INFO  Log:22 - Verify user is going to click on Search symbol
2024-06-12 13:16:50 INFO  Log:22 - Verify user is able to check Product title
2024-06-12 13:16:50 INFO  Log:15 - =====================================VerifySearchResult TEST END=========================================
2024-06-12 15:18:46 INFO  Log:11 - =====================================verifyLogo TEST START=========================================
2024-06-12 15:18:46 INFO  Log:22 - User Is able to see Logo of Amazon
2024-06-12 15:18:46 INFO  Log:22 - Verify Logo
2024-06-12 15:18:46 INFO  Log:15 - =====================================verifyLogo TEST END=========================================
2024-06-12 15:18:52 INFO  Log:11 - =====================================verifySearchBox TEST START=========================================
2024-06-12 15:18:52 INFO  Log:22 - Verify Search Box
2024-06-12 15:18:52 INFO  Log:15 - =====================================verifySearchBox TEST END=========================================
2024-06-12 15:18:57 INFO  Log:11 - =====================================verifyClickOnAddtoCart TEST START=========================================
2024-06-12 15:18:57 INFO  Log:22 - Verify user is going to click on Search Box
2024-06-12 15:18:59 INFO  Log:22 - Verify user is going to click on Search symbol
2024-06-12 15:19:03 INFO  Log:22 - Verify User is going to click on Add to Cart Button 1
2024-06-12 15:19:05 INFO  Log:22 - Verify User is going to click on Add to Cart Button 2
2024-06-12 15:19:08 INFO  Log:15 - =====================================verifyClickOnAddtoCart TEST END=========================================
2024-06-12 15:19:15 INFO  Log:11 - =====================================verifyCountInMyCart TEST START=========================================
2024-06-12 15:19:15 INFO  Log:22 - Verify user is going to click on Search Box
2024-06-12 15:19:17 INFO  Log:22 - Verify user is going to click on Search symbol
2024-06-12 15:19:25 INFO  Log:22 - Verify User is going to click on Add to Cart Button 1
2024-06-12 15:19:28 INFO  Log:22 - Verify User is going to click on Add to Cart Button 2
2024-06-12 15:19:30 INFO  Log:22 - Verify User is able to count product in My Cart
2024-06-12 15:19:30 INFO  Log:15 - =====================================verifyCountInMyCart TEST END=========================================
2024-06-12 15:19:37 INFO  Log:11 - =====================================verifyShoppingInMyCart TEST START=========================================
2024-06-12 15:19:37 INFO  Log:22 - Verify user is going to click on Search Box
2024-06-12 15:19:38 INFO  Log:22 - Verify user is going to click on Search symbol
2024-06-12 15:19:43 INFO  Log:22 - Verify User is going to click on Add to Cart Button 1
2024-06-12 15:19:46 INFO  Log:22 - Verify User is going to click on Add to Cart Button 2
2024-06-12 15:19:48 INFO  Log:22 - Verify User is going to click on Add to Cart Icon
2024-06-12 15:20:38 INFO  Log:11 - =====================================verifyClickOnSearchBox TEST START=========================================
2024-06-12 15:20:38 INFO  Log:15 - =====================================verifyClickOnSearchBox TEST END=========================================
2024-06-12 15:20:44 INFO  Log:11 - =====================================VerifySearchProduct TEST START=========================================
2024-06-12 15:20:44 INFO  Log:22 - Verify user is going to click on Search Box
2024-06-12 15:20:45 INFO  Log:22 - Verify user is going to click on Search symbol
2024-06-12 15:20:49 INFO  Log:15 - =====================================VerifySearchProduct TEST END=========================================
2024-06-12 15:20:55 INFO  Log:11 - =====================================VerifySearchResult TEST START=========================================
2024-06-12 15:20:55 INFO  Log:22 - Verify user is going to click on Search Box
2024-06-12 15:20:55 INFO  Log:22 - Verify user is going to click on Search symbol
2024-06-12 15:21:00 INFO  Log:22 - Verify user is able to check Product title
2024-06-12 15:21:00 INFO  Log:15 - =====================================VerifySearchResult TEST END=========================================
2024-06-12 15:21:01 DEBUG cache:45 - Couldn't find template in cache for "v3html/v3-html-index.ftl"("en", UTF-8, parsed); will try to load it.
2024-06-12 15:21:01 DEBUG cache:45 - TemplateLoader.findTemplateSource("v3html/v3-html-index_en.ftl"): Not found
2024-06-12 15:21:01 DEBUG cache:45 - TemplateLoader.findTemplateSource("v3html/v3-html-index.ftl"): Found
2024-06-12 15:21:01 DEBUG cache:45 - Loading template for "v3html/v3-html-index.ftl"("en", UTF-8, parsed) from "jar:file:/C:/Users/sj109646/.m2/repository/com/aventstack/extentreports/4.0.9/extentreports-4.0.9.jar!/com/aventstack/extentreports/view/v3html/v3-html-index.ftl"
2024-06-12 15:21:01 DEBUG cache:45 - Couldn't find template in cache for "v3html/v3-html-head.ftl"("en", UTF-8, parsed); will try to load it.
2024-06-12 15:21:01 DEBUG cache:45 - TemplateLoader.findTemplateSource("v3html/v3-html-head_en.ftl"): Not found
2024-06-12 15:21:01 DEBUG cache:45 - TemplateLoader.findTemplateSource("v3html/v3-html-head.ftl"): Found
2024-06-12 15:21:01 DEBUG cache:45 - Loading template for "v3html/v3-html-head.ftl"("en", UTF-8, parsed) from "jar:file:/C:/Users/sj109646/.m2/repository/com/aventstack/extentreports/4.0.9/extentreports-4.0.9.jar!/com/aventstack/extentreports/view/v3html/v3-html-head.ftl"
2024-06-12 15:21:01 DEBUG cache:45 - Couldn't find template in cache for "v3html/v3-html-nav.ftl"("en", UTF-8, parsed); will try to load it.
2024-06-12 15:21:01 DEBUG cache:45 - TemplateLoader.findTemplateSource("v3html/v3-html-nav_en.ftl"): Not found
2024-06-12 15:21:01 DEBUG cache:45 - TemplateLoader.findTemplateSource("v3html/v3-html-nav.ftl"): Found
2024-06-12 15:21:01 DEBUG cache:45 - Loading template for "v3html/v3-html-nav.ftl"("en", UTF-8, parsed) from "jar:file:/C:/Users/sj109646/.m2/repository/com/aventstack/extentreports/4.0.9/extentreports-4.0.9.jar!/com/aventstack/extentreports/view/v3html/v3-html-nav.ftl"
2024-06-12 15:21:01 DEBUG cache:45 - Couldn't find template in cache for "v3html/test-view/v3-html-test-view.ftl"("en", UTF-8, parsed); will try to load it.
2024-06-12 15:21:01 DEBUG cache:45 - TemplateLoader.findTemplateSource("v3html/test-view/v3-html-test-view_en.ftl"): Not found
2024-06-12 15:21:01 DEBUG cache:45 - TemplateLoader.findTemplateSource("v3html/test-view/v3-html-test-view.ftl"): Found
2024-06-12 15:21:01 DEBUG cache:45 - Loading template for "v3html/test-view/v3-html-test-view.ftl"("en", UTF-8, parsed) from "jar:file:/C:/Users/sj109646/.m2/repository/com/aventstack/extentreports/4.0.9/extentreports-4.0.9.jar!/com/aventstack/extentreports/view/v3html/test-view/v3-html-test-view.ftl"
2024-06-12 15:21:01 DEBUG cache:45 - Couldn't find template in cache for "v3html/test-view/v3-html-test-view-charts.ftl"("en", UTF-8, parsed); will try to load it.
2024-06-12 15:21:01 DEBUG cache:45 - TemplateLoader.findTemplateSource("v3html/test-view/v3-html-test-view-charts_en.ftl"): Not found
2024-06-12 15:21:01 DEBUG cache:45 - TemplateLoader.findTemplateSource("v3html/test-view/v3-html-test-view-charts.ftl"): Found
2024-06-12 15:21:01 DEBUG cache:45 - Loading template for "v3html/test-view/v3-html-test-view-charts.ftl"("en", UTF-8, parsed) from "jar:file:/C:/Users/sj109646/.m2/repository/com/aventstack/extentreports/4.0.9/extentreports-4.0.9.jar!/com/aventstack/extentreports/view/v3html/test-view/v3-html-test-view-charts.ftl"
2024-06-12 15:21:01 DEBUG cache:45 - Couldn't find template in cache for "v3html/test-view/v3-html-standard.ftl"("en", UTF-8, parsed); will try to load it.
2024-06-12 15:21:01 DEBUG cache:45 - TemplateLoader.findTemplateSource("v3html/test-view/v3-html-standard_en.ftl"): Not found
2024-06-12 15:21:01 DEBUG cache:45 - TemplateLoader.findTemplateSource("v3html/test-view/v3-html-standard.ftl"): Found
2024-06-12 15:21:01 DEBUG cache:45 - Loading template for "v3html/test-view/v3-html-standard.ftl"("en", UTF-8, parsed) from "jar:file:/C:/Users/sj109646/.m2/repository/com/aventstack/extentreports/4.0.9/extentreports-4.0.9.jar!/com/aventstack/extentreports/view/v3html/test-view/v3-html-standard.ftl"
2024-06-12 15:21:01 DEBUG cache:45 - "v3html/test-view/v3-html-standard.ftl"("en", UTF-8, parsed) cached copy not yet stale; using cached.
2024-06-12 15:21:01 DEBUG cache:45 - "v3html/test-view/v3-html-standard.ftl"("en", UTF-8, parsed) cached copy not yet stale; using cached.
2024-06-12 15:21:01 DEBUG cache:45 - "v3html/test-view/v3-html-standard.ftl"("en", UTF-8, parsed) cached copy not yet stale; using cached.
2024-06-12 15:21:01 DEBUG cache:45 - "v3html/test-view/v3-html-standard.ftl"("en", UTF-8, parsed) cached copy not yet stale; using cached.
2024-06-12 15:21:01 DEBUG cache:45 - "v3html/test-view/v3-html-standard.ftl"("en", UTF-8, parsed) cached copy not yet stale; using cached.
2024-06-12 15:21:01 DEBUG cache:45 - "v3html/test-view/v3-html-standard.ftl"("en", UTF-8, parsed) cached copy not yet stale; using cached.
2024-06-12 15:21:01 DEBUG cache:45 - "v3html/test-view/v3-html-standard.ftl"("en", UTF-8, parsed) cached copy not yet stale; using cached.
2024-06-12 15:21:01 DEBUG cache:45 - Couldn't find template in cache for "v3html/category-view/v3-html-category-view.ftl"("en", UTF-8, parsed); will try to load it.
2024-06-12 15:21:01 DEBUG cache:45 - TemplateLoader.findTemplateSource("v3html/category-view/v3-html-category-view_en.ftl"): Not found
2024-06-12 15:21:01 DEBUG cache:45 - TemplateLoader.findTemplateSource("v3html/category-view/v3-html-category-view.ftl"): Found
2024-06-12 15:21:01 DEBUG cache:45 - Loading template for "v3html/category-view/v3-html-category-view.ftl"("en", UTF-8, parsed) from "jar:file:/C:/Users/sj109646/.m2/repository/com/aventstack/extentreports/4.0.9/extentreports-4.0.9.jar!/com/aventstack/extentreports/view/v3html/category-view/v3-html-category-view.ftl"
2024-06-12 15:21:01 DEBUG cache:45 - Couldn't find template in cache for "v3html/exception-view/v3-html-exception-view.ftl"("en", UTF-8, parsed); will try to load it.
2024-06-12 15:21:01 DEBUG cache:45 - TemplateLoader.findTemplateSource("v3html/exception-view/v3-html-exception-view_en.ftl"): Not found
2024-06-12 15:21:01 DEBUG cache:45 - TemplateLoader.findTemplateSource("v3html/exception-view/v3-html-exception-view.ftl"): Found
2024-06-12 15:21:01 DEBUG cache:45 - Loading template for "v3html/exception-view/v3-html-exception-view.ftl"("en", UTF-8, parsed) from "jar:file:/C:/Users/sj109646/.m2/repository/com/aventstack/extentreports/4.0.9/extentreports-4.0.9.jar!/com/aventstack/extentreports/view/v3html/exception-view/v3-html-exception-view.ftl"
2024-06-12 15:21:01 DEBUG cache:45 - Couldn't find template in cache for "v3html/author-view/v3-html-author-view.ftl"("en", UTF-8, parsed); will try to load it.
2024-06-12 15:21:01 DEBUG cache:45 - TemplateLoader.findTemplateSource("v3html/author-view/v3-html-author-view_en.ftl"): Not found
2024-06-12 15:21:01 DEBUG cache:45 - TemplateLoader.findTemplateSource("v3html/author-view/v3-html-author-view.ftl"): Found
2024-06-12 15:21:01 DEBUG cache:45 - Loading template for "v3html/author-view/v3-html-author-view.ftl"("en", UTF-8, parsed) from "jar:file:/C:/Users/sj109646/.m2/repository/com/aventstack/extentreports/4.0.9/extentreports-4.0.9.jar!/com/aventstack/extentreports/view/v3html/author-view/v3-html-author-view.ftl"
2024-06-12 15:21:01 DEBUG cache:45 - Couldn't find template in cache for "v3html/dashboard-view/v3-html-dashboard-view.ftl"("en", UTF-8, parsed); will try to load it.
2024-06-12 15:21:01 DEBUG cache:45 - TemplateLoader.findTemplateSource("v3html/dashboard-view/v3-html-dashboard-view_en.ftl"): Not found
2024-06-12 15:21:01 DEBUG cache:45 - TemplateLoader.findTemplateSource("v3html/dashboard-view/v3-html-dashboard-view.ftl"): Found
2024-06-12 15:21:01 DEBUG cache:45 - Loading template for "v3html/dashboard-view/v3-html-dashboard-view.ftl"("en", UTF-8, parsed) from "jar:file:/C:/Users/sj109646/.m2/repository/com/aventstack/extentreports/4.0.9/extentreports-4.0.9.jar!/com/aventstack/extentreports/view/v3html/dashboard-view/v3-html-dashboard-view.ftl"
2024-06-12 15:21:01 DEBUG cache:45 - Couldn't find template in cache for "v3html/logs-view/v3-html-testrunner-logs-view.ftl"("en", UTF-8, parsed); will try to load it.
2024-06-12 15:21:01 DEBUG cache:45 - TemplateLoader.findTemplateSource("v3html/logs-view/v3-html-testrunner-logs-view_en.ftl"): Not found
2024-06-12 15:21:01 DEBUG cache:45 - TemplateLoader.findTemplateSource("v3html/logs-view/v3-html-testrunner-logs-view.ftl"): Found
2024-06-12 15:21:01 DEBUG cache:45 - Loading template for "v3html/logs-view/v3-html-testrunner-logs-view.ftl"("en", UTF-8, parsed) from "jar:file:/C:/Users/sj109646/.m2/repository/com/aventstack/extentreports/4.0.9/extentreports-4.0.9.jar!/com/aventstack/extentreports/view/v3html/logs-view/v3-html-testrunner-logs-view.ftl"
2024-06-12 15:23:29 INFO  Log:11 - =====================================verifyLogo TEST START=========================================
2024-06-12 15:23:29 INFO  Log:22 - User Is able to see Logo of Amazon
2024-06-12 15:23:29 INFO  Log:22 - Verify Logo
2024-06-12 15:23:29 INFO  Log:15 - =====================================verifyLogo TEST END=========================================
2024-06-12 15:23:36 INFO  Log:11 - =====================================verifySearchBox TEST START=========================================
2024-06-12 15:23:36 INFO  Log:22 - Verify Search Box
2024-06-12 15:23:36 INFO  Log:15 - =====================================verifySearchBox TEST END=========================================
2024-06-12 15:23:42 INFO  Log:11 - =====================================verifyClickOnAddtoCart TEST START=========================================
2024-06-12 15:23:42 INFO  Log:22 - Verify user is going to click on Search Box
2024-06-12 15:23:43 INFO  Log:22 - Verify user is going to click on Search symbol
2024-06-12 15:23:47 INFO  Log:22 - Verify User is going to click on Add to Cart Button 1
2024-06-12 15:23:50 INFO  Log:22 - Verify User is going to click on Add to Cart Button 2
2024-06-12 15:23:52 INFO  Log:15 - =====================================verifyClickOnAddtoCart TEST END=========================================
2024-06-12 15:23:57 INFO  Log:11 - =====================================verifyCountInMyCart TEST START=========================================
2024-06-12 15:23:57 INFO  Log:22 - Verify user is going to click on Search Box
2024-06-12 15:23:58 INFO  Log:22 - Verify user is going to click on Search symbol
2024-06-12 15:24:02 INFO  Log:22 - Verify User is going to click on Add to Cart Button 1
2024-06-12 15:24:07 INFO  Log:22 - Verify User is going to click on Add to Cart Button 2
2024-06-12 15:24:10 INFO  Log:22 - Verify User is able to count product in My Cart
2024-06-12 15:24:10 INFO  Log:15 - =====================================verifyCountInMyCart TEST END=========================================
2024-06-12 15:24:20 INFO  Log:11 - =====================================verifyShoppingInMyCart TEST START=========================================
2024-06-12 15:24:20 INFO  Log:22 - Verify user is going to click on Search Box
2024-06-12 15:24:21 INFO  Log:22 - Verify user is going to click on Search symbol
2024-06-12 15:24:25 INFO  Log:22 - Verify User is going to click on Add to Cart Button 1
2024-06-12 15:24:28 INFO  Log:22 - Verify User is going to click on Add to Cart Button 2
2024-06-12 15:24:30 INFO  Log:22 - Verify User is going to click on Add to Cart Icon
2024-06-12 15:24:31 INFO  Log:22 - verify User is able to check Total price and Acual price Match or Not
2024-06-12 15:24:31 INFO  Log:22 - verify User is able to check Total price and Acual price Match is Match
2024-06-12 15:24:31 INFO  Log:15 - =====================================verifyShoppingInMyCart TEST END=========================================
2024-06-12 15:24:41 INFO  Log:11 - =====================================verifyClickOnSearchBox TEST START=========================================
2024-06-12 15:24:41 INFO  Log:15 - =====================================verifyClickOnSearchBox TEST END=========================================
2024-06-12 15:24:50 INFO  Log:11 - =====================================VerifySearchProduct TEST START=========================================
2024-06-12 15:24:50 INFO  Log:22 - Verify user is going to click on Search Box
2024-06-12 15:24:50 INFO  Log:22 - Verify user is going to click on Search symbol
2024-06-12 15:24:55 INFO  Log:15 - =====================================VerifySearchProduct TEST END=========================================
2024-06-12 15:25:01 INFO  Log:11 - =====================================VerifySearchResult TEST START=========================================
2024-06-12 15:25:01 INFO  Log:22 - Verify user is going to click on Search Box
2024-06-12 15:25:02 INFO  Log:22 - Verify user is going to click on Search symbol
2024-06-12 15:25:07 INFO  Log:22 - Verify user is able to check Product title
2024-06-12 15:25:07 INFO  Log:15 - =====================================VerifySearchResult TEST END=========================================
2024-06-12 15:25:08 DEBUG cache:45 - Couldn't find template in cache for "v3html/v3-html-index.ftl"("en", UTF-8, parsed); will try to load it.
2024-06-12 15:25:08 DEBUG cache:45 - TemplateLoader.findTemplateSource("v3html/v3-html-index_en.ftl"): Not found
2024-06-12 15:25:08 DEBUG cache:45 - TemplateLoader.findTemplateSource("v3html/v3-html-index.ftl"): Found
2024-06-12 15:25:08 DEBUG cache:45 - Loading template for "v3html/v3-html-index.ftl"("en", UTF-8, parsed) from "jar:file:/C:/Users/sj109646/.m2/repository/com/aventstack/extentreports/4.0.9/extentreports-4.0.9.jar!/com/aventstack/extentreports/view/v3html/v3-html-index.ftl"
2024-06-12 15:25:08 DEBUG cache:45 - Couldn't find template in cache for "v3html/v3-html-head.ftl"("en", UTF-8, parsed); will try to load it.
2024-06-12 15:25:08 DEBUG cache:45 - TemplateLoader.findTemplateSource("v3html/v3-html-head_en.ftl"): Not found
2024-06-12 15:25:08 DEBUG cache:45 - TemplateLoader.findTemplateSource("v3html/v3-html-head.ftl"): Found
2024-06-12 15:25:08 DEBUG cache:45 - Loading template for "v3html/v3-html-head.ftl"("en", UTF-8, parsed) from "jar:file:/C:/Users/sj109646/.m2/repository/com/aventstack/extentreports/4.0.9/extentreports-4.0.9.jar!/com/aventstack/extentreports/view/v3html/v3-html-head.ftl"
2024-06-12 15:25:08 DEBUG cache:45 - Couldn't find template in cache for "v3html/v3-html-nav.ftl"("en", UTF-8, parsed); will try to load it.
2024-06-12 15:25:08 DEBUG cache:45 - TemplateLoader.findTemplateSource("v3html/v3-html-nav_en.ftl"): Not found
2024-06-12 15:25:08 DEBUG cache:45 - TemplateLoader.findTemplateSource("v3html/v3-html-nav.ftl"): Found
2024-06-12 15:25:08 DEBUG cache:45 - Loading template for "v3html/v3-html-nav.ftl"("en", UTF-8, parsed) from "jar:file:/C:/Users/sj109646/.m2/repository/com/aventstack/extentreports/4.0.9/extentreports-4.0.9.jar!/com/aventstack/extentreports/view/v3html/v3-html-nav.ftl"
2024-06-12 15:25:08 DEBUG cache:45 - Couldn't find template in cache for "v3html/test-view/v3-html-test-view.ftl"("en", UTF-8, parsed); will try to load it.
2024-06-12 15:25:08 DEBUG cache:45 - TemplateLoader.findTemplateSource("v3html/test-view/v3-html-test-view_en.ftl"): Not found
2024-06-12 15:25:08 DEBUG cache:45 - TemplateLoader.findTemplateSource("v3html/test-view/v3-html-test-view.ftl"): Found
2024-06-12 15:25:08 DEBUG cache:45 - Loading template for "v3html/test-view/v3-html-test-view.ftl"("en", UTF-8, parsed) from "jar:file:/C:/Users/sj109646/.m2/repository/com/aventstack/extentreports/4.0.9/extentreports-4.0.9.jar!/com/aventstack/extentreports/view/v3html/test-view/v3-html-test-view.ftl"
2024-06-12 15:25:08 DEBUG cache:45 - Couldn't find template in cache for "v3html/test-view/v3-html-test-view-charts.ftl"("en", UTF-8, parsed); will try to load it.
2024-06-12 15:25:08 DEBUG cache:45 - TemplateLoader.findTemplateSource("v3html/test-view/v3-html-test-view-charts_en.ftl"): Not found
2024-06-12 15:25:08 DEBUG cache:45 - TemplateLoader.findTemplateSource("v3html/test-view/v3-html-test-view-charts.ftl"): Found
2024-06-12 15:25:08 DEBUG cache:45 - Loading template for "v3html/test-view/v3-html-test-view-charts.ftl"("en", UTF-8, parsed) from "jar:file:/C:/Users/sj109646/.m2/repository/com/aventstack/extentreports/4.0.9/extentreports-4.0.9.jar!/com/aventstack/extentreports/view/v3html/test-view/v3-html-test-view-charts.ftl"
2024-06-12 15:25:08 DEBUG cache:45 - Couldn't find template in cache for "v3html/test-view/v3-html-standard.ftl"("en", UTF-8, parsed); will try to load it.
2024-06-12 15:25:08 DEBUG cache:45 - TemplateLoader.findTemplateSource("v3html/test-view/v3-html-standard_en.ftl"): Not found
2024-06-12 15:25:08 DEBUG cache:45 - TemplateLoader.findTemplateSource("v3html/test-view/v3-html-standard.ftl"): Found
2024-06-12 15:25:08 DEBUG cache:45 - Loading template for "v3html/test-view/v3-html-standard.ftl"("en", UTF-8, parsed) from "jar:file:/C:/Users/sj109646/.m2/repository/com/aventstack/extentreports/4.0.9/extentreports-4.0.9.jar!/com/aventstack/extentreports/view/v3html/test-view/v3-html-standard.ftl"
2024-06-12 15:25:08 DEBUG cache:45 - "v3html/test-view/v3-html-standard.ftl"("en", UTF-8, parsed) cached copy not yet stale; using cached.
2024-06-12 15:25:08 DEBUG cache:45 - "v3html/test-view/v3-html-standard.ftl"("en", UTF-8, parsed) cached copy not yet stale; using cached.
2024-06-12 15:25:08 DEBUG cache:45 - "v3html/test-view/v3-html-standard.ftl"("en", UTF-8, parsed) cached copy not yet stale; using cached.
2024-06-12 15:25:08 DEBUG cache:45 - "v3html/test-view/v3-html-standard.ftl"("en", UTF-8, parsed) cached copy not yet stale; using cached.
2024-06-12 15:25:08 DEBUG cache:45 - "v3html/test-view/v3-html-standard.ftl"("en", UTF-8, parsed) cached copy not yet stale; using cached.
2024-06-12 15:25:08 DEBUG cache:45 - "v3html/test-view/v3-html-standard.ftl"("en", UTF-8, parsed) cached copy not yet stale; using cached.
2024-06-12 15:25:08 DEBUG cache:45 - "v3html/test-view/v3-html-standard.ftl"("en", UTF-8, parsed) cached copy not yet stale; using cached.
2024-06-12 15:25:08 DEBUG cache:45 - Couldn't find template in cache for "v3html/category-view/v3-html-category-view.ftl"("en", UTF-8, parsed); will try to load it.
2024-06-12 15:25:08 DEBUG cache:45 - TemplateLoader.findTemplateSource("v3html/category-view/v3-html-category-view_en.ftl"): Not found
2024-06-12 15:25:08 DEBUG cache:45 - TemplateLoader.findTemplateSource("v3html/category-view/v3-html-category-view.ftl"): Found
2024-06-12 15:25:08 DEBUG cache:45 - Loading template for "v3html/category-view/v3-html-category-view.ftl"("en", UTF-8, parsed) from "jar:file:/C:/Users/sj109646/.m2/repository/com/aventstack/extentreports/4.0.9/extentreports-4.0.9.jar!/com/aventstack/extentreports/view/v3html/category-view/v3-html-category-view.ftl"
2024-06-12 15:25:08 DEBUG cache:45 - Couldn't find template in cache for "v3html/exception-view/v3-html-exception-view.ftl"("en", UTF-8, parsed); will try to load it.
2024-06-12 15:25:08 DEBUG cache:45 - TemplateLoader.findTemplateSource("v3html/exception-view/v3-html-exception-view_en.ftl"): Not found
2024-06-12 15:25:08 DEBUG cache:45 - TemplateLoader.findTemplateSource("v3html/exception-view/v3-html-exception-view.ftl"): Found
2024-06-12 15:25:08 DEBUG cache:45 - Loading template for "v3html/exception-view/v3-html-exception-view.ftl"("en", UTF-8, parsed) from "jar:file:/C:/Users/sj109646/.m2/repository/com/aventstack/extentreports/4.0.9/extentreports-4.0.9.jar!/com/aventstack/extentreports/view/v3html/exception-view/v3-html-exception-view.ftl"
2024-06-12 15:25:08 DEBUG cache:45 - Couldn't find template in cache for "v3html/author-view/v3-html-author-view.ftl"("en", UTF-8, parsed); will try to load it.
2024-06-12 15:25:08 DEBUG cache:45 - TemplateLoader.findTemplateSource("v3html/author-view/v3-html-author-view_en.ftl"): Not found
2024-06-12 15:25:08 DEBUG cache:45 - TemplateLoader.findTemplateSource("v3html/author-view/v3-html-author-view.ftl"): Found
2024-06-12 15:25:08 DEBUG cache:45 - Loading template for "v3html/author-view/v3-html-author-view.ftl"("en", UTF-8, parsed) from "jar:file:/C:/Users/sj109646/.m2/repository/com/aventstack/extentreports/4.0.9/extentreports-4.0.9.jar!/com/aventstack/extentreports/view/v3html/author-view/v3-html-author-view.ftl"
2024-06-12 15:25:08 DEBUG cache:45 - Couldn't find template in cache for "v3html/dashboard-view/v3-html-dashboard-view.ftl"("en", UTF-8, parsed); will try to load it.
2024-06-12 15:25:08 DEBUG cache:45 - TemplateLoader.findTemplateSource("v3html/dashboard-view/v3-html-dashboard-view_en.ftl"): Not found
2024-06-12 15:25:08 DEBUG cache:45 - TemplateLoader.findTemplateSource("v3html/dashboard-view/v3-html-dashboard-view.ftl"): Found
2024-06-12 15:25:08 DEBUG cache:45 - Loading template for "v3html/dashboard-view/v3-html-dashboard-view.ftl"("en", UTF-8, parsed) from "jar:file:/C:/Users/sj109646/.m2/repository/com/aventstack/extentreports/4.0.9/extentreports-4.0.9.jar!/com/aventstack/extentreports/view/v3html/dashboard-view/v3-html-dashboard-view.ftl"
2024-06-12 15:25:08 DEBUG cache:45 - Couldn't find template in cache for "v3html/logs-view/v3-html-testrunner-logs-view.ftl"("en", UTF-8, parsed); will try to load it.
2024-06-12 15:25:08 DEBUG cache:45 - TemplateLoader.findTemplateSource("v3html/logs-view/v3-html-testrunner-logs-view_en.ftl"): Not found
2024-06-12 15:25:08 DEBUG cache:45 - TemplateLoader.findTemplateSource("v3html/logs-view/v3-html-testrunner-logs-view.ftl"): Found
2024-06-12 15:25:08 DEBUG cache:45 - Loading template for "v3html/logs-view/v3-html-testrunner-logs-view.ftl"("en", UTF-8, parsed) from "jar:file:/C:/Users/sj109646/.m2/repository/com/aventstack/extentreports/4.0.9/extentreports-4.0.9.jar!/com/aventstack/extentreports/view/v3html/logs-view/v3-html-testrunner-logs-view.ftl"
2024-06-12 15:36:19 INFO  Log:11 - =====================================verifyLogo TEST START=========================================
2024-06-12 15:36:19 INFO  Log:22 - User Is able to see Logo of Amazon
2024-06-12 15:36:19 INFO  Log:22 - Verify Logo
2024-06-12 15:36:19 INFO  Log:15 - =====================================verifyLogo TEST END=========================================
2024-06-12 15:36:30 INFO  Log:11 - =====================================verifySearchBox TEST START=========================================
2024-06-12 15:36:30 INFO  Log:22 - Verify Search Box
2024-06-12 15:36:31 INFO  Log:15 - =====================================verifySearchBox TEST END=========================================
2024-06-12 15:36:45 INFO  Log:11 - =====================================verifyClickOnAddtoCart TEST START=========================================
2024-06-12 15:36:45 INFO  Log:22 - Verify user is going to click on Search Box
2024-06-12 15:36:47 INFO  Log:22 - Verify user is going to click on Search symbol
2024-06-12 15:36:52 INFO  Log:22 - Verify User is going to click on Add to Cart Button 1
2024-06-12 15:36:55 INFO  Log:22 - Verify User is going to click on Add to Cart Button 2
2024-06-12 15:36:57 INFO  Log:15 - =====================================verifyClickOnAddtoCart TEST END=========================================
2024-06-12 15:37:03 INFO  Log:11 - =====================================verifyCountInMyCart TEST START=========================================
2024-06-12 15:37:03 INFO  Log:22 - Verify user is going to click on Search Box
2024-06-12 15:37:05 INFO  Log:22 - Verify user is going to click on Search symbol
2024-06-12 15:37:10 INFO  Log:22 - Verify User is going to click on Add to Cart Button 1
2024-06-12 15:37:13 INFO  Log:22 - Verify User is going to click on Add to Cart Button 2
2024-06-12 15:37:16 INFO  Log:22 - Verify User is able to count product in My Cart
2024-06-12 15:37:16 INFO  Log:15 - =====================================verifyCountInMyCart TEST END=========================================
2024-06-12 15:37:26 INFO  Log:11 - =====================================verifyShoppingInMyCart TEST START=========================================
2024-06-12 15:37:26 INFO  Log:22 - Verify user is going to click on Search Box
2024-06-12 15:37:26 INFO  Log:22 - Verify user is going to click on Search symbol
2024-06-12 15:37:31 INFO  Log:22 - Verify User is going to click on Add to Cart Button 1
2024-06-12 15:37:33 INFO  Log:22 - Verify User is going to click on Add to Cart Button 2
2024-06-12 15:37:36 INFO  Log:22 - Verify User is going to click on Add to Cart Icon
2024-06-12 15:37:38 INFO  Log:22 - verify User is able to check Total price and Acual price Match or Not
2024-06-12 15:37:38 INFO  Log:22 - verify User is able to check Total price and Acual price Match is Match
2024-06-12 15:37:38 INFO  Log:15 - =====================================verifyShoppingInMyCart TEST END=========================================
2024-06-12 15:37:47 INFO  Log:11 - =====================================verifyClickOnSearchBox TEST START=========================================
2024-06-12 15:37:47 INFO  Log:15 - =====================================verifyClickOnSearchBox TEST END=========================================
2024-06-12 15:37:57 INFO  Log:11 - =====================================VerifySearchProduct TEST START=========================================
2024-06-12 15:37:57 INFO  Log:22 - Verify user is going to click on Search Box
2024-06-12 15:37:58 INFO  Log:22 - Verify user is going to click on Search symbol
2024-06-12 15:38:03 INFO  Log:15 - =====================================VerifySearchProduct TEST END=========================================
2024-06-12 15:38:12 INFO  Log:11 - =====================================VerifySearchResult TEST START=========================================
2024-06-12 15:38:12 INFO  Log:22 - Verify user is going to click on Search Box
2024-06-12 15:38:12 INFO  Log:22 - Verify user is going to click on Search symbol
2024-06-12 15:38:19 INFO  Log:22 - Verify user is able to check Product title
2024-06-12 15:38:19 INFO  Log:15 - =====================================VerifySearchResult TEST END=========================================
2024-06-12 15:38:19 DEBUG cache:45 - Couldn't find template in cache for "v3html/v3-html-index.ftl"("en", UTF-8, parsed); will try to load it.
2024-06-12 15:38:19 DEBUG cache:45 - TemplateLoader.findTemplateSource("v3html/v3-html-index_en.ftl"): Not found
2024-06-12 15:38:19 DEBUG cache:45 - TemplateLoader.findTemplateSource("v3html/v3-html-index.ftl"): Found
2024-06-12 15:38:19 DEBUG cache:45 - Loading template for "v3html/v3-html-index.ftl"("en", UTF-8, parsed) from "jar:file:/C:/Users/sj109646/.m2/repository/com/aventstack/extentreports/4.0.9/extentreports-4.0.9.jar!/com/aventstack/extentreports/view/v3html/v3-html-index.ftl"
2024-06-12 15:38:20 DEBUG cache:45 - Couldn't find template in cache for "v3html/v3-html-head.ftl"("en", UTF-8, parsed); will try to load it.
2024-06-12 15:38:20 DEBUG cache:45 - TemplateLoader.findTemplateSource("v3html/v3-html-head_en.ftl"): Not found
2024-06-12 15:38:20 DEBUG cache:45 - TemplateLoader.findTemplateSource("v3html/v3-html-head.ftl"): Found
2024-06-12 15:38:20 DEBUG cache:45 - Loading template for "v3html/v3-html-head.ftl"("en", UTF-8, parsed) from "jar:file:/C:/Users/sj109646/.m2/repository/com/aventstack/extentreports/4.0.9/extentreports-4.0.9.jar!/com/aventstack/extentreports/view/v3html/v3-html-head.ftl"
2024-06-12 15:38:20 DEBUG cache:45 - Couldn't find template in cache for "v3html/v3-html-nav.ftl"("en", UTF-8, parsed); will try to load it.
2024-06-12 15:38:20 DEBUG cache:45 - TemplateLoader.findTemplateSource("v3html/v3-html-nav_en.ftl"): Not found
2024-06-12 15:38:20 DEBUG cache:45 - TemplateLoader.findTemplateSource("v3html/v3-html-nav.ftl"): Found
2024-06-12 15:38:20 DEBUG cache:45 - Loading template for "v3html/v3-html-nav.ftl"("en", UTF-8, parsed) from "jar:file:/C:/Users/sj109646/.m2/repository/com/aventstack/extentreports/4.0.9/extentreports-4.0.9.jar!/com/aventstack/extentreports/view/v3html/v3-html-nav.ftl"
2024-06-12 15:38:20 DEBUG cache:45 - Couldn't find template in cache for "v3html/test-view/v3-html-test-view.ftl"("en", UTF-8, parsed); will try to load it.
2024-06-12 15:38:20 DEBUG cache:45 - TemplateLoader.findTemplateSource("v3html/test-view/v3-html-test-view_en.ftl"): Not found
2024-06-12 15:38:20 DEBUG cache:45 - TemplateLoader.findTemplateSource("v3html/test-view/v3-html-test-view.ftl"): Found
2024-06-12 15:38:20 DEBUG cache:45 - Loading template for "v3html/test-view/v3-html-test-view.ftl"("en", UTF-8, parsed) from "jar:file:/C:/Users/sj109646/.m2/repository/com/aventstack/extentreports/4.0.9/extentreports-4.0.9.jar!/com/aventstack/extentreports/view/v3html/test-view/v3-html-test-view.ftl"
2024-06-12 15:38:20 DEBUG cache:45 - Couldn't find template in cache for "v3html/test-view/v3-html-test-view-charts.ftl"("en", UTF-8, parsed); will try to load it.
2024-06-12 15:38:20 DEBUG cache:45 - TemplateLoader.findTemplateSource("v3html/test-view/v3-html-test-view-charts_en.ftl"): Not found
2024-06-12 15:38:20 DEBUG cache:45 - TemplateLoader.findTemplateSource("v3html/test-view/v3-html-test-view-charts.ftl"): Found
2024-06-12 15:38:20 DEBUG cache:45 - Loading template for "v3html/test-view/v3-html-test-view-charts.ftl"("en", UTF-8, parsed) from "jar:file:/C:/Users/sj109646/.m2/repository/com/aventstack/extentreports/4.0.9/extentreports-4.0.9.jar!/com/aventstack/extentreports/view/v3html/test-view/v3-html-test-view-charts.ftl"
2024-06-12 15:38:20 DEBUG cache:45 - Couldn't find template in cache for "v3html/test-view/v3-html-standard.ftl"("en", UTF-8, parsed); will try to load it.
2024-06-12 15:38:20 DEBUG cache:45 - TemplateLoader.findTemplateSource("v3html/test-view/v3-html-standard_en.ftl"): Not found
2024-06-12 15:38:20 DEBUG cache:45 - TemplateLoader.findTemplateSource("v3html/test-view/v3-html-standard.ftl"): Found
2024-06-12 15:38:20 DEBUG cache:45 - Loading template for "v3html/test-view/v3-html-standard.ftl"("en", UTF-8, parsed) from "jar:file:/C:/Users/sj109646/.m2/repository/com/aventstack/extentreports/4.0.9/extentreports-4.0.9.jar!/com/aventstack/extentreports/view/v3html/test-view/v3-html-standard.ftl"
2024-06-12 15:38:20 DEBUG cache:45 - "v3html/test-view/v3-html-standard.ftl"("en", UTF-8, parsed) cached copy not yet stale; using cached.
2024-06-12 15:38:20 DEBUG cache:45 - "v3html/test-view/v3-html-standard.ftl"("en", UTF-8, parsed) cached copy not yet stale; using cached.
2024-06-12 15:38:20 DEBUG cache:45 - "v3html/test-view/v3-html-standard.ftl"("en", UTF-8, parsed) cached copy not yet stale; using cached.
2024-06-12 15:38:20 DEBUG cache:45 - "v3html/test-view/v3-html-standard.ftl"("en", UTF-8, parsed) cached copy not yet stale; using cached.
2024-06-12 15:38:20 DEBUG cache:45 - "v3html/test-view/v3-html-standard.ftl"("en", UTF-8, parsed) cached copy not yet stale; using cached.
2024-06-12 15:38:20 DEBUG cache:45 - "v3html/test-view/v3-html-standard.ftl"("en", UTF-8, parsed) cached copy not yet stale; using cached.
2024-06-12 15:38:20 DEBUG cache:45 - "v3html/test-view/v3-html-standard.ftl"("en", UTF-8, parsed) cached copy not yet stale; using cached.
2024-06-12 15:38:20 DEBUG cache:45 - Couldn't find template in cache for "v3html/category-view/v3-html-category-view.ftl"("en", UTF-8, parsed); will try to load it.
2024-06-12 15:38:20 DEBUG cache:45 - TemplateLoader.findTemplateSource("v3html/category-view/v3-html-category-view_en.ftl"): Not found
2024-06-12 15:38:20 DEBUG cache:45 - TemplateLoader.findTemplateSource("v3html/category-view/v3-html-category-view.ftl"): Found
2024-06-12 15:38:20 DEBUG cache:45 - Loading template for "v3html/category-view/v3-html-category-view.ftl"("en", UTF-8, parsed) from "jar:file:/C:/Users/sj109646/.m2/repository/com/aventstack/extentreports/4.0.9/extentreports-4.0.9.jar!/com/aventstack/extentreports/view/v3html/category-view/v3-html-category-view.ftl"
2024-06-12 15:38:20 DEBUG cache:45 - Couldn't find template in cache for "v3html/exception-view/v3-html-exception-view.ftl"("en", UTF-8, parsed); will try to load it.
2024-06-12 15:38:20 DEBUG cache:45 - TemplateLoader.findTemplateSource("v3html/exception-view/v3-html-exception-view_en.ftl"): Not found
2024-06-12 15:38:20 DEBUG cache:45 - TemplateLoader.findTemplateSource("v3html/exception-view/v3-html-exception-view.ftl"): Found
2024-06-12 15:38:20 DEBUG cache:45 - Loading template for "v3html/exception-view/v3-html-exception-view.ftl"("en", UTF-8, parsed) from "jar:file:/C:/Users/sj109646/.m2/repository/com/aventstack/extentreports/4.0.9/extentreports-4.0.9.jar!/com/aventstack/extentreports/view/v3html/exception-view/v3-html-exception-view.ftl"
2024-06-12 15:38:20 DEBUG cache:45 - Couldn't find template in cache for "v3html/author-view/v3-html-author-view.ftl"("en", UTF-8, parsed); will try to load it.
2024-06-12 15:38:20 DEBUG cache:45 - TemplateLoader.findTemplateSource("v3html/author-view/v3-html-author-view_en.ftl"): Not found
2024-06-12 15:38:20 DEBUG cache:45 - TemplateLoader.findTemplateSource("v3html/author-view/v3-html-author-view.ftl"): Found
2024-06-12 15:38:20 DEBUG cache:45 - Loading template for "v3html/author-view/v3-html-author-view.ftl"("en", UTF-8, parsed) from "jar:file:/C:/Users/sj109646/.m2/repository/com/aventstack/extentreports/4.0.9/extentreports-4.0.9.jar!/com/aventstack/extentreports/view/v3html/author-view/v3-html-author-view.ftl"
2024-06-12 15:38:20 DEBUG cache:45 - Couldn't find template in cache for "v3html/dashboard-view/v3-html-dashboard-view.ftl"("en", UTF-8, parsed); will try to load it.
2024-06-12 15:38:20 DEBUG cache:45 - TemplateLoader.findTemplateSource("v3html/dashboard-view/v3-html-dashboard-view_en.ftl"): Not found
2024-06-12 15:38:20 DEBUG cache:45 - TemplateLoader.findTemplateSource("v3html/dashboard-view/v3-html-dashboard-view.ftl"): Found
2024-06-12 15:38:20 DEBUG cache:45 - Loading template for "v3html/dashboard-view/v3-html-dashboard-view.ftl"("en", UTF-8, parsed) from "jar:file:/C:/Users/sj109646/.m2/repository/com/aventstack/extentreports/4.0.9/extentreports-4.0.9.jar!/com/aventstack/extentreports/view/v3html/dashboard-view/v3-html-dashboard-view.ftl"
2024-06-12 15:38:20 DEBUG cache:45 - Couldn't find template in cache for "v3html/logs-view/v3-html-testrunner-logs-view.ftl"("en", UTF-8, parsed); will try to load it.
2024-06-12 15:38:20 DEBUG cache:45 - TemplateLoader.findTemplateSource("v3html/logs-view/v3-html-testrunner-logs-view_en.ftl"): Not found
2024-06-12 15:38:20 DEBUG cache:45 - TemplateLoader.findTemplateSource("v3html/logs-view/v3-html-testrunner-logs-view.ftl"): Found
2024-06-12 15:38:20 DEBUG cache:45 - Loading template for "v3html/logs-view/v3-html-testrunner-logs-view.ftl"("en", UTF-8, parsed) from "jar:file:/C:/Users/sj109646/.m2/repository/com/aventstack/extentreports/4.0.9/extentreports-4.0.9.jar!/com/aventstack/extentreports/view/v3html/logs-view/v3-html-testrunner-logs-view.ftl"
